<?xml version="1.0" encoding="UTF-8"?>
<testng-results ignored="0" total="1" passed="1" failed="0" skipped="0">
  <reporter-output>
  </reporter-output>
  <suite started-at="2025-02-10T04:03:05Z" name="Default suite" finished-at="2025-02-10T04:03:07Z" duration-ms="2005">
    <groups>
    </groups>
    <test started-at="2025-02-10T04:03:05Z" name="Default test" finished-at="2025-02-10T04:03:07Z" duration-ms="2005">
      <class name="POMLoginTest.TC_01_Login">
        <test-method is-config="true" signature="startPage()[pri:0, instance:POMLoginTest.TC_01_Login@10b3df93]" started-at="2025-02-09T23:03:05Z" name="startPage" finished-at="2025-02-09T23:03:06Z" duration-ms="772" status="PASS">
          <reporter-output>
          </reporter-output>
        </test-method> <!-- startPage -->
        <test-method signature="LoginTest_01()[pri:0, instance:POMLoginTest.TC_01_Login@10b3df93]" started-at="2025-02-09T23:03:06Z" name="LoginTest_01" finished-at="2025-02-09T23:03:07Z" duration-ms="721" status="PASS">
          <reporter-output>
          </reporter-output>
        </test-method> <!-- LoginTest_01 -->
        <test-method is-config="true" signature="closeDriver()[pri:0, instance:POMLoginTest.TC_01_Login@10b3df93]" started-at="2025-02-09T23:03:07Z" name="closeDriver" finished-at="2025-02-09T23:03:07Z" duration-ms="470" status="PASS">
          <reporter-output>
          </reporter-output>
        </test-method> <!-- closeDriver -->
      </class> <!-- POMLoginTest.TC_01_Login -->
    </test> <!-- Default test -->
  </suite> <!-- Default suite -->
</testng-results>
